# Logfile created on 2017-10-24 15:09:00 +0300 by logger.rb/56815
I, [2017-10-31T17:40:21.296373 #16864]  INFO -- : 2017-10-31 17:40:21 +0200 syscomp-kali-template: setting state of VM to poweroff
I, [2017-10-31T17:40:23.433084 #16864]  INFO -- : 2017-10-31 17:40:23 +0200 syscomp-rdp: setting state of VM to poweroff
I, [2017-10-31T17:40:25.558534 #16864]  INFO -- : 2017-10-31 17:40:25 +0200 UbuntuDesktop16041-template_2: setting state of VM to poweroff
I, [2017-10-31T17:40:26.192554 #16864]  INFO -- : 2017-10-31 17:40:26 +0200 syscomp-router-template: setting state of VM to poweroff
I, [2017-11-21T19:48:17.304253 #6992]  INFO -- : 2017-11-21 19:48:17 +0200 syscomp-kali-template: setting state of VM to running
I, [2017-11-21T20:06:08.326350 #14056]  INFO -- : 2017-11-21 20:06:08 +0200 Ubuntu-Router-clean-template: setting state of VM to running
I, [2017-11-21T20:35:46.663378 #25244]  INFO -- : 2017-11-21 20:35:46 +0200 syscomp-desktop-template: setting state of VM to running
I, [2017-11-21T20:35:47.299889 #25244]  INFO -- : 2017-11-21 20:35:47 +0200 syscomp-router-template: setting state of VM to running
I, [2017-11-21T20:35:48.054132 #25244]  INFO -- : 2017-11-21 20:35:48 +0200 Ubuntu-Mate-clean-template: setting state of VM to running
I, [2017-11-21T20:35:48.136727 #25244]  INFO -- : 2017-11-21 20:35:48 +0200 Ubuntu-Server-clean-template: setting state of VM to running
I, [2017-11-21T20:35:49.789009 #25244]  INFO -- : 2017-11-21 20:35:49 +0200 syscomp-webserver-template: setting state of VM to running
I, [2017-11-21T20:35:56.994414 #25244]  INFO -- : 2017-11-21 20:35:56 +0200 Ubuntu-Server-clean-template: setting state of VM to running
I, [2017-11-21T20:36:16.081476 #25244]  INFO -- : 2017-11-21 20:36:16 +0200 Ubuntu-Server-clean-template: setting state of VM to running
I, [2017-11-21T20:51:20.240820 #25244]  INFO -- : 2017-11-21 20:51:20 +0200 Ubuntu-Mate-clean-template: setting state of VM to poweroff
I, [2017-11-21T20:51:33.899353 #25244]  INFO -- : 2017-11-21 20:51:33 +0200 Ubuntu-Mate-clean-template: setting state of VM to running
I, [2017-11-22T12:13:48.598840 #4540]  INFO -- : 2017-11-22 12:13:48 +0200 syscomp-desktop-template: setting state of VM to poweroff
I, [2017-11-22T12:14:09.594504 #4540]  INFO -- : 2017-11-22 12:14:09 +0200 syscomp-desktop-template: setting state of VM to running
I, [2017-11-22T12:14:11.799678 #4540]  INFO -- : 2017-11-22 12:14:11 +0200 syscomp-desktop-template: setting state of VM to poweroff
I, [2017-11-28T18:38:52.499228 #26332]  INFO -- : 2017-11-28 18:38:52 +0200 Ubuntu-Mate-clean-template: setting state of VM to poweroff
I, [2017-11-28T18:38:55.296194 #26332]  INFO -- : 2017-11-28 18:38:55 +0200 Ubuntu-Mate-clean-template: setting state of VM to running
I, [2017-11-28T18:39:42.381074 #26332]  INFO -- : 2017-11-28 18:39:42 +0200 syscomp-router-template: setting state of VM to poweroff
I, [2017-11-29T15:05:44.918637 #30888]  INFO -- : 2017-11-29 15:05:44 +0200 syscomp-desktop-template: setting state of VM to poweroff
I, [2017-11-29T15:20:34.817806 #30888]  INFO -- : 2017-11-29 15:20:34 +0200 syscomp-desktop-template: setting state of VM to poweroff
I, [2017-11-29T16:00:56.049155 #30888]  INFO -- : 2017-11-29 16:00:56 +0200 syscomp-desktop-template: setting state of VM to poweroff
I, [2017-11-29T16:03:48.405868 #30888]  INFO -- : 2017-11-29 16:03:48 +0200 syscomp-desktop-template: setting state of VM to poweroff
I, [2017-11-29T16:10:10.120352 #30888]  INFO -- : 2017-11-29 16:10:10 +0200 syscomp-desktop-template: setting state of VM to poweroff
I, [2017-11-29T16:13:17.202099 #30888]  INFO -- : 2017-11-29 16:13:17 +0200 syscomp-desktop-template-clone: setting state of VM to running
I, [2017-11-29T16:19:47.369230 #30888]  INFO -- : 2017-11-29 16:19:47 +0200 syscomp-desktop-template-clone: setting state of VM to poweroff
I, [2017-11-29T16:23:35.113065 #30888]  INFO -- : 2017-11-29 16:23:35 +0200 Ubuntu-Mate-clean-template: setting state of VM to poweroff
I, [2017-11-29T16:23:37.024272 #30888]  INFO -- : 2017-11-29 16:23:37 +0200 Ubuntu-Router-clean-template: setting state of VM to poweroff
I, [2017-11-29T16:23:39.029178 #30888]  INFO -- : 2017-11-29 16:23:39 +0200 syscomp-webserver-template: setting state of VM to poweroff
I, [2017-11-29T16:23:39.300794 #30888]  INFO -- : 2017-11-29 16:23:39 +0200 syscomp-kali-template: setting state of VM to poweroff
I, [2017-11-29T16:26:57.301138 #30888]  INFO -- : 2017-11-29 16:26:57 +0200 Ubuntu-Mate-clean-template: setting state of VM to running
I, [2017-11-29T16:27:34.504535 #30888]  INFO -- : 2017-11-29 16:27:34 +0200 Ubuntu-Mate-clean-template: setting state of VM to poweroff
I, [2017-11-29T16:28:32.366599 #30888]  INFO -- : 2017-11-29 16:28:32 +0200 syscomp-router-template: setting state of VM to running
I, [2017-11-29T16:29:10.151117 #30888]  INFO -- : 2017-11-29 16:29:10 +0200 syscomp-router-template: setting state of VM to poweroff
I, [2017-11-29T16:32:17.815214 #30888]  INFO -- : 2017-11-29 16:32:17 +0200 syscomp-webserver-template: setting state of VM to poweroff
I, [2017-11-29T16:42:23.557806 #30888]  INFO -- : 2017-11-29 16:42:23 +0200 useless-template: setting state of VM to poweroff
I, [2017-11-29T17:46:28.989639 #30888]  INFO -- : 2017-11-29 17:46:28 +0200 syscomp-desktop-template: setting state of VM to running
I, [2017-11-29T17:46:29.693545 #30888]  INFO -- : 2017-11-29 17:46:29 +0200 syscomp-router-template: setting state of VM to running
I, [2017-11-29T17:46:30.852660 #30888]  INFO -- : 2017-11-29 17:46:30 +0200 Ubuntu-Mate-clean-template: setting state of VM to running
I, [2017-11-29T17:46:31.028872 #30888]  INFO -- : 2017-11-29 17:46:31 +0200 Ubuntu-Server-clean-template: setting state of VM to running
I, [2017-11-29T17:46:32.848296 #30888]  INFO -- : 2017-11-29 17:46:32 +0200 Ubuntu-Router-clean-template: setting state of VM to running
I, [2017-11-29T17:46:37.371494 #30888]  INFO -- : 2017-11-29 17:46:37 +0200 syscomp-webserver-template: setting state of VM to running
I, [2017-11-29T17:46:43.101789 #30888]  INFO -- : 2017-11-29 17:46:43 +0200 syscomp-kali-template: setting state of VM to running
I, [2017-11-29T17:53:15.786976 #30888]  INFO -- : 2017-11-29 17:53:15 +0200 Ubuntu-Server-clean-template: setting state of VM to running
I, [2017-11-29T17:53:32.687903 #30888]  INFO -- : 2017-11-29 17:53:32 +0200 syscomp-desktop-template: setting state of VM to poweroff
I, [2017-11-29T17:53:33.270063 #30888]  INFO -- : 2017-11-29 17:53:33 +0200 syscomp-router-template: setting state of VM to poweroff
I, [2017-11-29T17:53:34.037346 #30888]  INFO -- : 2017-11-29 17:53:34 +0200 Ubuntu-Mate-clean-template: setting state of VM to poweroff
I, [2017-11-29T17:53:36.867720 #30888]  INFO -- : 2017-11-29 17:53:36 +0200 Ubuntu-Router-clean-template: setting state of VM to poweroff
I, [2017-11-29T17:53:38.070976 #30888]  INFO -- : 2017-11-29 17:53:38 +0200 syscomp-webserver-template: setting state of VM to poweroff
I, [2017-11-29T17:53:45.760509 #30888]  INFO -- : 2017-11-29 17:53:45 +0200 syscomp-kali-template: setting state of VM to poweroff
I, [2017-11-29T17:54:48.320288 #30888]  INFO -- : 2017-11-29 17:54:48 +0200 syscomp-desktop-template: setting state of VM to running
I, [2017-11-29T17:59:16.907835 #5935]  INFO -- : 2017-11-29 17:59:16 +0200 syscomp-router-template: setting state of VM to running
I, [2017-11-29T17:59:51.742754 #5935]  INFO -- : 2017-11-29 17:59:51 +0200 syscomp-router-template: setting state of VM to running
I, [2017-11-29T18:00:47.422001 #5935]  INFO -- : 2017-11-29 18:00:47 +0200 syscomp-router-template: setting state of VM to running
I, [2017-11-29T18:00:52.342986 #5935]  INFO -- : 2017-11-29 18:00:52 +0200 syscomp-router-template: setting state of VM to poweroff
I, [2017-11-29T18:05:40.377575 #30888]  INFO -- : 2017-11-29 18:05:40 +0200 syscomp-desktop-template: setting state of VM to poweroff
I, [2017-11-29T18:05:43.653094 #30888]  INFO -- : 2017-11-29 18:05:43 +0200 syscomp-desktop-template: setting state of VM to running
I, [2017-11-29T18:06:18.939253 #30888]  INFO -- : 2017-11-29 18:06:18 +0200 Ubuntu-Mate-clean-template: setting state of VM to running
I, [2017-11-29T18:28:19.380623 #30888]  INFO -- : 2017-11-29 18:28:19 +0200 syscomp-desktop-template: setting state of VM to poweroff
I, [2017-11-29T18:28:25.654401 #30888]  INFO -- : 2017-11-29 18:28:25 +0200 syscomp-desktop-template: setting state of VM to running
I, [2017-11-29T18:31:15.922200 #30888]  INFO -- : 2017-11-29 18:31:15 +0200 syscomp-webserver-template: setting state of VM to running
I, [2017-11-29T18:31:18.924261 #30888]  INFO -- : 2017-11-29 18:31:18 +0200 syscomp-webserver-template: setting state of VM to poweroff
I, [2017-11-29T18:48:53.406190 #17720]  INFO -- : 2017-11-29 18:48:53 +0200 Ubuntu-Router-clean-template: setting state of VM to running
I, [2017-11-29T18:48:57.620594 #17720]  INFO -- : 2017-11-29 18:48:57 +0200 Ubuntu-Router-clean-template: setting state of VM to running
I, [2017-11-29T18:48:59.409563 #17720]  INFO -- : 2017-11-29 18:48:59 +0200 Ubuntu-Router-clean-template: setting state of VM to running
I, [2017-11-29T18:49:00.893468 #17720]  INFO -- : 2017-11-29 18:49:00 +0200 Ubuntu-Router-clean-template: setting state of VM to running
I, [2017-11-29T18:49:02.207476 #17720]  INFO -- : 2017-11-29 18:49:02 +0200 Ubuntu-Router-clean-template: setting state of VM to running
I, [2017-11-29T18:49:03.260512 #17720]  INFO -- : 2017-11-29 18:49:03 +0200 Ubuntu-Router-clean-template: setting state of VM to running
I, [2017-11-29T20:32:34.401410 #19403]  INFO -- : 2017-11-29 20:32:34 +0200 syscomp-webserver-template: setting state of VM to running
I, [2017-11-29T20:32:34.497676 #19403]  INFO -- : 2017-11-29 20:32:34 +0200 UbuntuDesktop16041-template: setting state of VM to running
I, [2017-11-29T20:32:35.085505 #19403]  INFO -- : 2017-11-29 20:32:35 +0200 syscomp-kali-template: setting state of VM to running
I, [2017-11-29T20:32:36.727268 #19403]  INFO -- : 2017-11-29 20:32:36 +0200 syscomp-desktop-template: setting state of VM to running
I, [2017-11-29T20:32:37.801185 #19403]  INFO -- : 2017-11-29 20:32:37 +0200 syscomp-router-template: setting state of VM to running
I, [2017-11-29T20:32:52.197896 #19403]  INFO -- : 2017-11-29 20:32:52 +0200 syscomp-desktop-template: setting state of VM to poweroff
I, [2017-11-29T20:32:57.522338 #19403]  INFO -- : 2017-11-29 20:32:57 +0200 syscomp-router-template: setting state of VM to poweroff
I, [2017-11-29T20:33:00.414129 #19403]  INFO -- : 2017-11-29 20:33:00 +0200 UbuntuDesktop16041-template: setting state of VM to poweroff
I, [2017-11-29T20:33:03.665271 #19403]  INFO -- : 2017-11-29 20:33:03 +0200 syscomp-webserver-template: setting state of VM to poweroff
I, [2017-11-29T20:33:06.811636 #19403]  INFO -- : 2017-11-29 20:33:06 +0200 syscomp-kali-template: setting state of VM to poweroff
I, [2017-11-29T20:33:41.153172 #19403]  INFO -- : 2017-11-29 20:33:41 +0200 UbuntuDesktop16041-template: setting state of VM to running
I, [2017-11-29T20:33:43.885842 #19403]  INFO -- : 2017-11-29 20:33:43 +0200 syscomp-router-template: setting state of VM to running
I, [2017-11-29T20:33:46.039295 #19403]  INFO -- : 2017-11-29 20:33:46 +0200 syscomp-desktop-template: setting state of VM to running
I, [2017-11-29T20:33:48.914910 #19403]  INFO -- : 2017-11-29 20:33:48 +0200 syscomp-webserver-template: setting state of VM to running
I, [2017-11-29T20:34:01.475801 #19403]  INFO -- : 2017-11-29 20:34:01 +0200 syscomp-kali-template: setting state of VM to running
I, [2017-11-29T20:37:18.905178 #19403]  INFO -- : 2017-11-29 20:37:18 +0200 syscomp-desktop-template: setting state of VM to poweroff
I, [2017-11-29T20:37:31.066137 #19403]  INFO -- : 2017-11-29 20:37:31 +0200 syscomp-desktop-template: setting state of VM to running
I, [2017-11-29T20:43:43.751625 #19403]  INFO -- : 2017-11-29 20:43:43 +0200 syscomp-desktop-template: setting state of VM to poweroff
I, [2017-11-29T20:46:59.984938 #19403]  INFO -- : 2017-11-29 20:46:59 +0200 syscomp-desktop-template: setting state of VM to running
I, [2017-11-29T20:47:08.068112 #19403]  INFO -- : 2017-11-29 20:47:08 +0200 syscomp-desktop-template: setting state of VM to poweroff
I, [2017-11-29T20:48:18.326921 #19403]  INFO -- : 2017-11-29 20:48:18 +0200 cloned-desktop-template: setting state of VM to poweroff
I, [2017-11-29T20:48:34.476202 #19403]  INFO -- : 2017-11-29 20:48:34 +0200 cloned-desktop-template: setting state of VM to running
I, [2017-11-29T20:48:48.881819 #19403]  INFO -- : 2017-11-29 20:48:48 +0200 syscomp-desktop-template: setting state of VM to running
I, [2017-11-29T20:48:52.321681 #19403]  INFO -- : 2017-11-29 20:48:52 +0200 syscomp-desktop-template: setting state of VM to poweroff
I, [2017-11-29T20:48:53.557598 #19403]  INFO -- : 2017-11-29 20:48:53 +0200 cloned-desktop-template: setting state of VM to poweroff
I, [2017-11-29T20:48:56.001739 #19403]  INFO -- : 2017-11-29 20:48:56 +0200 syscomp-desktop-template: setting state of VM to running
I, [2017-11-29T20:48:59.280054 #19403]  INFO -- : 2017-11-29 20:48:59 +0200 cloned-desktop-template: setting state of VM to running
I, [2017-11-29T20:49:02.476624 #19403]  INFO -- : 2017-11-29 20:49:02 +0200 cloned-desktop-template: setting state of VM to poweroff
I, [2017-11-29T20:50:00.141200 #19403]  INFO -- : 2017-11-29 20:50:00 +0200 cloned-desktop-template: setting state of VM to running
I, [2017-11-29T20:51:29.808164 #19403]  INFO -- : 2017-11-29 20:51:29 +0200 syscomp-desktop-template: setting state of VM to poweroff
I, [2017-11-29T20:52:43.376682 #19403]  INFO -- : 2017-11-29 20:52:43 +0200 secondtemplate: setting state of VM to poweroff
I, [2017-11-29T20:52:50.280416 #19403]  INFO -- : 2017-11-29 20:52:50 +0200 secondtemplate: setting state of VM to running
I, [2017-11-29T20:53:03.470507 #19403]  INFO -- : 2017-11-29 20:53:03 +0200 syscomp-desktop-template: setting state of VM to running
I, [2017-11-29T21:03:10.663378 #19403]  INFO -- : 2017-11-29 21:03:10 +0200 secondtemplate: setting state of VM to poweroff
I, [2017-12-05T14:24:22.646064 #28819]  INFO -- : 2017-12-05 14:24:22 +0200 syscomp-desktop-template: setting state of VM to poweroff
I, [2017-12-05T14:31:50.968619 #28819]  INFO -- : 2017-12-05 14:31:50 +0200 syscomp-desktop-template: setting state of VM to running
I, [2017-12-05T14:32:50.651904 #28819]  INFO -- : 2017-12-05 14:32:50 +0200 secondtemplate: setting state of VM to running
I, [2017-12-05T14:33:00.171118 #28819]  INFO -- : 2017-12-05 14:33:00 +0200 secondtemplate: setting state of VM to poweroff
I, [2017-12-05T14:54:43.897327 #28819]  INFO -- : 2017-12-05 14:54:43 +0200 syscomp-desktop-template: setting state of VM to poweroff
I, [2017-12-05T15:01:09.313747 #28819]  INFO -- : 2017-12-05 15:01:09 +0200 yet-another-template: setting state of VM to poweroff
I, [2017-12-05T15:07:49.322332 #28819]  INFO -- : 2017-12-05 15:07:49 +0200 syscomp-desktop-template: setting state of VM to poweroff
I, [2017-12-05T15:13:45.971386 #28819]  INFO -- : 2017-12-05 15:13:45 +0200 syscomp-desktop-template: setting state of VM to poweroff
I, [2017-12-05T15:19:17.861707 #28819]  INFO -- : 2017-12-05 15:19:17 +0200 syscomp-desktop-template: setting state of VM to poweroff
I, [2017-12-05T15:35:20.466359 #28819]  INFO -- : 2017-12-05 15:35:20 +0200 syscomp-desktop-template: setting state of VM to poweroff
I, [2017-12-05T15:49:00.499228 #28819]  INFO -- : 2017-12-05 15:49:00 +0200 syscomp-desktop-template: setting state of VM to running
I, [2017-12-05T15:49:55.411686 #28819]  INFO -- : 2017-12-05 15:49:55 +0200 syscomp-desktop-template: setting state of VM to poweroff
I, [2017-12-05T19:02:05.425063 #26108]  INFO -- : 2017-12-05 19:02:05 +0200 syscomp-desktop-template: setting state of VM to running
I, [2017-12-05T19:04:40.626525 #26108]  INFO -- : 2017-12-05 19:04:40 +0200 syscomp-desktop-template: setting state of VM to poweroff
I, [2017-12-05T19:43:20.881924 #26108]  INFO -- : 2017-12-05 19:43:20 +0200 syscomp-desktop-template: setting state of VM to poweroff
I, [2017-12-05T19:56:27.413492 #26108]  INFO -- : 2017-12-05 19:56:27 +0200 syscomp-desktop-template: setting state of VM to poweroff
I, [2017-12-05T19:58:33.825772 #26108]  INFO -- : 2017-12-05 19:58:33 +0200 cloned-desktop-template: setting state of VM to poweroff
I, [2017-12-05T20:02:17.678183 #26108]  INFO -- : 2017-12-05 20:02:17 +0200 syscomp-desktop-template: setting state of VM to poweroff
I, [2017-12-05T20:26:14.796443 #26108]  INFO -- : 2017-12-05 20:26:14 +0200 syscomp-desktop-template: setting state of VM to poweroff
I, [2017-12-05T20:28:52.918214 #26108]  INFO -- : 2017-12-05 20:28:52 +0200 syscomp-desktop-template: setting state of VM to poweroff
I, [2017-12-05T20:30:48.126471 #26108]  INFO -- : 2017-12-05 20:30:48 +0200 syscomp-desktop-template: setting state of VM to poweroff
I, [2017-12-05T20:33:28.304414 #26108]  INFO -- : 2017-12-05 20:33:28 +0200 trakyll: setting state of VM to poweroff
I, [2017-12-05T20:33:36.578399 #26108]  INFO -- : 2017-12-05 20:33:36 +0200 trakyll: setting state of VM to running
I, [2017-12-05T20:48:29.269610 #26108]  INFO -- : 2017-12-05 20:48:29 +0200 forexample: setting state of VM to poweroff
I, [2017-12-05T20:48:33.222198 #26108]  INFO -- : 2017-12-05 20:48:33 +0200 forexample: setting state of VM to running
I, [2017-12-08T13:50:59.619264 #23505]  INFO -- : 2017-12-08 13:50:59 +0200 forexample: setting state of VM to poweroff
I, [2017-12-08T13:51:16.885643 #23505]  INFO -- : 2017-12-08 13:51:16 +0200 forexample: setting state of VM to running
